
         [1]   [2]   [3]   [4]   [5]   [x]

   [6]    10    20    -1     1     0   140
   [7]     6     8     1     0    -1    72
   [8]     1    -1     1     0     0     4
         -17   -27    -1    -1     1  -216

--------> swap: [1] [8]

         [8]   [2]   [3]   [4]   [5]   [x]

   [6]   -10    30   -11     1     0   100
   [7]    -6    14    -5     0    -1    48
   [1]     1    -1     1     0     0     4
          17   -44    16    -1     1  -148

--------> swap: [6] [2]

             [8]     [6]     [3]     [4]     [5]     [x]

     [2]    -1/3    1/30  -11/30    1/30       0    10/3
     [7]    -4/3   -7/15    2/15   -7/15      -1     4/3
     [1]     2/3    1/30   19/30    1/30       0    22/3
             7/3   22/15   -2/15    7/15       1    -4/3

--------> swap: [7] [3]

           [8]    [6]    [7]    [4]    [5]    [x]

    [2]     -4   -5/4   11/4   -5/4  -11/4      7
    [3]    -10   -7/2   15/2   -7/2  -15/2     10
    [1]      7    9/4  -19/4    9/4   19/4      1
             1      1      1      0      0      0

--------> exiting
